<?xml version="1.0" encoding="UTF-8"?>
<testng-results ignored="0" total="4" passed="3" failed="1" skipped="0">
  <reporter-output>
  </reporter-output>
  <suite started-at="2024-01-10T02:52:54 IST" name="Default suite" finished-at="2024-01-10T02:53:41 IST" duration-ms="47584">
    <groups>
    </groups>
    <test started-at="2024-01-10T02:52:54 IST" name="Default test" finished-at="2024-01-10T02:53:41 IST" duration-ms="47584">
      <class name="com.androjava.SeleniumAutomationNew.ProceedToCheckoutTest">
        <test-method is-config="true" signature="setup()[pri:0, instance:com.androjava.SeleniumAutomationNew.ProceedToCheckoutTest@1283bb96]" started-at="2024-01-10T02:52:54 IST" name="setup" finished-at="2024-01-10T02:52:56 IST" duration-ms="2275" status="PASS">
          <reporter-output>
          </reporter-output>
        </test-method> <!-- setup -->
        <test-method signature="testProceedToCheckout()[pri:4, instance:com.androjava.SeleniumAutomationNew.ProceedToCheckoutTest@1283bb96]" started-at="2024-01-10T02:52:56 IST" name="testProceedToCheckout" finished-at="2024-01-10T02:53:04 IST" duration-ms="8499" status="FAIL">
          <exception class="org.openqa.selenium.NoSuchElementException">
            <message>
              <![CDATA[Cannot locate an element using xpath=//input[@id="sc-buy-box-ptc-button"]
For documentation on this error, please visit: https://www.seleniumhq.org/exceptions/no_such_element.html
Build info: version: '3.141.59', revision: 'e82be7d358', time: '2018-11-14T08:17:03'
System info: host: 'IN-9GGS0F3', ip: '192.168.0.102', os.name: 'Windows 10', os.arch: 'amd64', os.version: '10.0', java.version: '14.0.2'
Driver info: driver.version: RemoteWebDriver]]>
            </message>
            <full-stacktrace>
              <![CDATA[org.openqa.selenium.NoSuchElementException: Cannot locate an element using xpath=//input[@id="sc-buy-box-ptc-button"]
For documentation on this error, please visit: https://www.seleniumhq.org/exceptions/no_such_element.html
Build info: version: '3.141.59', revision: 'e82be7d358', time: '2018-11-14T08:17:03'
System info: host: 'IN-9GGS0F3', ip: '192.168.0.102', os.name: 'Windows 10', os.arch: 'amd64', os.version: '10.0', java.version: '14.0.2'
Driver info: driver.version: RemoteWebDriver
at org.openqa.selenium.remote.RemoteWebDriver.findElement(RemoteWebDriver.java:327)
at org.openqa.selenium.remote.RemoteWebDriver.findElementByXPath(RemoteWebDriver.java:428)
at org.openqa.selenium.By$ByXPath.findElement(By.java:353)
at org.openqa.selenium.remote.RemoteWebDriver.findElement(RemoteWebDriver.java:315)
at com.androjava.SeleniumAutomationNew.CartPage.proceedToCheckout(CartPage.java:18)
at com.androjava.SeleniumAutomationNew.ProceedToCheckoutTest.testProceedToCheckout(ProceedToCheckoutTest.java:14)
at java.base/jdk.internal.reflect.NativeMethodAccessorImpl.invoke0(Native Method)
at java.base/jdk.internal.reflect.NativeMethodAccessorImpl.invoke(NativeMethodAccessorImpl.java:62)
at java.base/jdk.internal.reflect.DelegatingMethodAccessorImpl.invoke(DelegatingMethodAccessorImpl.java:43)
at java.base/java.lang.reflect.Method.invoke(Method.java:564)
at org.testng.internal.invokers.MethodInvocationHelper.invokeMethod(MethodInvocationHelper.java:139)
at org.testng.internal.invokers.TestInvoker.invokeMethod(TestInvoker.java:664)
at org.testng.internal.invokers.TestInvoker.invokeTestMethod(TestInvoker.java:228)
at org.testng.internal.invokers.MethodRunner.runInSequence(MethodRunner.java:63)
at org.testng.internal.invokers.TestInvoker$MethodInvocationAgent.invoke(TestInvoker.java:961)
at org.testng.internal.invokers.TestInvoker.invokeTestMethods(TestInvoker.java:201)
at org.testng.internal.invokers.TestMethodWorker.invokeTestMethods(TestMethodWorker.java:148)
at org.testng.internal.invokers.TestMethodWorker.run(TestMethodWorker.java:128)
at java.base/java.util.ArrayList.forEach(ArrayList.java:1511)
at org.testng.TestRunner.privateRun(TestRunner.java:819)
at org.testng.TestRunner.run(TestRunner.java:619)
at org.testng.SuiteRunner.runTest(SuiteRunner.java:443)
at org.testng.SuiteRunner.runSequentially(SuiteRunner.java:437)
at org.testng.SuiteRunner.privateRun(SuiteRunner.java:397)
at org.testng.SuiteRunner.run(SuiteRunner.java:336)
at org.testng.SuiteRunnerWorker.runSuite(SuiteRunnerWorker.java:52)
at org.testng.SuiteRunnerWorker.run(SuiteRunnerWorker.java:95)
at org.testng.TestNG.runSuitesSequentially(TestNG.java:1301)
at org.testng.TestNG.runSuitesLocally(TestNG.java:1228)
at org.testng.TestNG.runSuites(TestNG.java:1134)
at org.testng.TestNG.run(TestNG.java:1101)
at org.testng.remote.AbstractRemoteTestNG.run(AbstractRemoteTestNG.java:115)
at org.testng.remote.RemoteTestNG.initAndRun(RemoteTestNG.java:251)
at org.testng.remote.RemoteTestNG.main(RemoteTestNG.java:77)
]]>
            </full-stacktrace>
          </exception> <!-- org.openqa.selenium.NoSuchElementException -->
          <reporter-output>
          </reporter-output>
        </test-method> <!-- testProceedToCheckout -->
        <test-method is-config="true" signature="tearDown()[pri:0, instance:com.androjava.SeleniumAutomationNew.ProceedToCheckoutTest@1283bb96]" started-at="2024-01-10T02:53:41 IST" name="tearDown" finished-at="2024-01-10T02:53:41 IST" duration-ms="34" status="PASS">
          <reporter-output>
          </reporter-output>
        </test-method> <!-- tearDown -->
      </class> <!-- com.androjava.SeleniumAutomationNew.ProceedToCheckoutTest -->
      <class name="com.androjava.SeleniumAutomationNew.SignInTest">
        <test-method signature="testSignIn()[pri:1, instance:com.androjava.SeleniumAutomationNew.SignInTest@2a3b5b47]" started-at="2024-01-10T02:53:04 IST" name="testSignIn" finished-at="2024-01-10T02:53:12 IST" duration-ms="7396" status="PASS">
          <reporter-output>
          </reporter-output>
        </test-method> <!-- testSignIn -->
      </class> <!-- com.androjava.SeleniumAutomationNew.SignInTest -->
      <class name="com.androjava.SeleniumAutomationNew.AddToCartTest">
        <test-method signature="testAddToCart()[pri:3, instance:com.androjava.SeleniumAutomationNew.AddToCartTest@35d019a3]" started-at="2024-01-10T02:53:12 IST" name="testAddToCart" finished-at="2024-01-10T02:53:21 IST" duration-ms="8663" status="PASS">
          <reporter-output>
          </reporter-output>
        </test-method> <!-- testAddToCart -->
      </class> <!-- com.androjava.SeleniumAutomationNew.AddToCartTest -->
      <class name="com.androjava.SeleniumAutomationNew.SearchProductTest">
        <test-method signature="testSearchProduct()[pri:2, instance:com.androjava.SeleniumAutomationNew.SearchProductTest@689604d9]" started-at="2024-01-10T02:53:21 IST" name="testSearchProduct" finished-at="2024-01-10T02:53:41 IST" duration-ms="20660" status="PASS">
          <reporter-output>
          </reporter-output>
        </test-method> <!-- testSearchProduct -->
      </class> <!-- com.androjava.SeleniumAutomationNew.SearchProductTest -->
    </test> <!-- Default test -->
  </suite> <!-- Default suite -->
</testng-results>
